#
# There is insufficient memory for the Java Runtime Environment to continue.
# Native memory allocation (malloc) failed to allocate 641456 bytes for Chunk::new
# Possible reasons:
#   The system is out of physical RAM or swap space
#   In 32 bit mode, the process size limit was hit
# Possible solutions:
#   Reduce memory load on the system
#   Increase physical memory or swap space
#   Check if swap backing store is full
#   Use 64 bit Java on a 64 bit OS
#   Decrease Java heap size (-Xmx/-Xms)
#   Decrease number of Java threads
#   Decrease Java thread stack sizes (-Xss)
#   Set larger code cache with -XX:ReservedCodeCacheSize=
# This output file may be truncated or incomplete.
#
#  Out of Memory Error (allocation.cpp:390), pid=4876, tid=4888
#
# JRE version: Java(TM) SE Runtime Environment (8.0_71-b15) (build 1.8.0_71-b15)
# Java VM: Java HotSpot(TM) 64-Bit Server VM (25.71-b15 mixed mode windows-amd64 compressed oops)
# Failed to write core dump. Minidumps are not enabled by default on client versions of Windows
#

---------------  T H R E A D  ---------------

Current thread (0x0000000056850800):  JavaThread "C2 CompilerThread1" daemon [_thread_in_native, id=4888, stack(0x0000000056c60000,0x0000000056d60000)]

Stack: [0x0000000056c60000,0x0000000056d60000]
[error occurred during error reporting (printing stack bounds), id 0xc0000005]

Native frames: (J=compiled Java code, j=interpreted, Vv=VM code, C=native code)


Current CompileTask:
C2:  15180 1859   !   4       com.android.dx.cf.code.BytecodeArray::parseInstruction (2764 bytes)


---------------  P R O C E S S  ---------------

Java Threads: ( => current thread )
  0x0000000056ad8000 JavaThread "pool-1-thread-4" [_thread_blocked, id=5588, stack(0x0000000056650000,0x0000000056750000)]
  0x0000000056ac2800 JavaThread "pool-1-thread-3" [_thread_blocked, id=1276, stack(0x0000000057640000,0x0000000057740000)]
  0x0000000056ac1800 JavaThread "pool-1-thread-2" [_thread_blocked, id=2868, stack(0x0000000057540000,0x0000000057640000)]
  0x0000000056ac1000 JavaThread "pool-2-thread-1" [_thread_blocked, id=4040, stack(0x00000000572b0000,0x00000000573b0000)]
  0x0000000056ac0000 JavaThread "pool-1-thread-1" [_thread_blocked, id=5728, stack(0x0000000057140000,0x0000000057240000)]
  0x00000000568cf800 JavaThread "Service Thread" daemon [_thread_blocked, id=5764, stack(0x0000000056f60000,0x0000000057060000)]
  0x0000000056859000 JavaThread "C1 CompilerThread2" daemon [_thread_blocked, id=2940, stack(0x0000000056dc0000,0x0000000056ec0000)]
=>0x0000000056850800 JavaThread "C2 CompilerThread1" daemon [_thread_in_native, id=4888, stack(0x0000000056c60000,0x0000000056d60000)]
  0x0000000055238800 JavaThread "C2 CompilerThread0" daemon [_thread_blocked, id=4800, stack(0x0000000056750000,0x0000000056850000)]
  0x0000000055233800 JavaThread "Attach Listener" daemon [_thread_blocked, id=2392, stack(0x0000000056240000,0x0000000056340000)]
  0x0000000055232800 JavaThread "Signal Dispatcher" daemon [_thread_blocked, id=5912, stack(0x0000000056550000,0x0000000056650000)]
  0x00000000551d6800 JavaThread "Finalizer" daemon [_thread_blocked, id=5848, stack(0x0000000056350000,0x0000000056450000)]
  0x00000000551cf800 JavaThread "Reference Handler" daemon [_thread_blocked, id=3240, stack(0x0000000056130000,0x0000000056230000)]
  0x00000000003fe000 JavaThread "main" [_thread_blocked, id=5820, stack(0x00000000024d0000,0x00000000025d0000)]

Other Threads:
  0x00000000551ca000 VMThread [stack: 0x0000000055fd0000,0x00000000560d0000] [id=5188]
  0x0000000056900000 WatcherThread [stack: 0x0000000056450000,0x0000000056550000] [id=6004]

VM state:not at safepoint (normal execution)

VM Mutex/Monitor currently owned by a thread: None

Heap:
 PSYoungGen      total 48640K, used 47586K [0x00000000eab00000, 0x00000000f0a00000, 0x0000000100000000)
  eden space 45056K, 97% used [0x00000000eab00000,0x00000000ed5fd9e0,0x00000000ed700000)
  from space 3584K, 99% used [0x00000000ed700000,0x00000000eda7afc8,0x00000000eda80000)
  to   space 3584K, 0% used [0x00000000f0680000,0x00000000f0680000,0x00000000f0a00000)
 ParOldGen       total 60416K, used 11456K [0x00000000c0000000, 0x00000000c3b00000, 0x00000000eab00000)
  object space 60416K, 18% used [0x00000000c0000000,0x00000000c0b301a0,0x00000000c3b00000)
 Metaspace       used 6225K, capacity 7088K, committed 7296K, reserved 1056768K
  class space    used 597K, capacity 616K, committed 640K, reserved 1048576K

Card table byte_map: [0x0000000011c60000,0x0000000011e70000] byte_map_base: 0x0000000011660000

Marking Bits: (ParMarkBitMap*) 0x000000005ec5f600
 Begin Bits: [0x0000000012640000, 0x0000000013640000)
 End Bits:   [0x0000000013640000, 0x0000000014640000)

Polling page: 0x0000000000130000

CodeCache: size=245760Kb used=8376Kb max_used=8388Kb free=237383Kb
 bounds [0x00000000028a0000, 0x00000000030e0000, 0x00000000118a0000]
 total_blobs=2096 nmethods=1828 adapters=182
 compilation: enabled

Compilation events (10 events):
Event: 14.938 Thread 0x0000000056850800 nmethod 1855 0x00000000030d4a10 code [0x00000000030d4b60, 0x00000000030d4c98]
Event: 14.949 Thread 0x0000000056850800 1856       4       java.util.TreeMap$PrivateEntryIterator::nextEntry (54 bytes)
Event: 14.949 Thread 0x0000000055238800 1857       4       com.android.dx.rop.code.BasicBlockList$RegCountVisitor::visitPlainCstInsn (6 bytes)
Event: 14.953 Thread 0x0000000056850800 nmethod 1856 0x00000000030d4610 code [0x00000000030d4760, 0x00000000030d4898]
Event: 14.957 Thread 0x0000000055238800 nmethod 1857 0x00000000030cdf10 code [0x00000000030ce060, 0x00000000030ce2b8]
Event: 14.967 Thread 0x0000000056859000 1858       3       com.android.dx.cf.code.BytecodeArray$ConstantParserVisitor::visitConstant (18 bytes)
Event: 14.967 Thread 0x0000000056850800 1859   !   4       com.android.dx.cf.code.BytecodeArray::parseInstruction (2764 bytes)
Event: 14.967 Thread 0x0000000056859000 nmethod 1858 0x00000000030cb610 code [0x00000000030cb760, 0x00000000030cb8d0]
Event: 14.968 Thread 0x0000000055238800 1860       4       com.android.dx.dex.code.RopTranslator::getRegs (9 bytes)
Event: 14.982 Thread 0x0000000055238800 nmethod 1860 0x00000000030cf450 code [0x00000000030cf5e0, 0x00000000030cfa48]

GC Heap History (6 events):
Event: 1.997 GC heap before
{Heap before GC invocations=1 (full 0):
 PSYoungGen      total 26112K, used 22528K [0x00000000eab00000, 0x00000000ec800000, 0x0000000100000000)
  eden space 22528K, 100% used [0x00000000eab00000,0x00000000ec100000,0x00000000ec100000)
  from space 3584K, 0% used [0x00000000ec480000,0x00000000ec480000,0x00000000ec800000)
  to   space 3584K, 0% used [0x00000000ec100000,0x00000000ec100000,0x00000000ec480000)
 ParOldGen       total 60416K, used 0K [0x00000000c0000000, 0x00000000c3b00000, 0x00000000eab00000)
  object space 60416K, 0% used [0x00000000c0000000,0x00000000c0000000,0x00000000c3b00000)
 Metaspace       used 5900K, capacity 6832K, committed 7040K, reserved 1056768K
  class space    used 594K, capacity 616K, committed 640K, reserved 1048576K
Event: 2.438 GC heap after
Heap after GC invocations=1 (full 0):
 PSYoungGen      total 26112K, used 3576K [0x00000000eab00000, 0x00000000ede00000, 0x0000000100000000)
  eden space 22528K, 0% used [0x00000000eab00000,0x00000000eab00000,0x00000000ec100000)
  from space 3584K, 99% used [0x00000000ec100000,0x00000000ec47e100,0x00000000ec480000)
  to   space 3584K, 0% used [0x00000000eda80000,0x00000000eda80000,0x00000000ede00000)
 ParOldGen       total 60416K, used 1041K [0x00000000c0000000, 0x00000000c3b00000, 0x00000000eab00000)
  object space 60416K, 1% used [0x00000000c0000000,0x00000000c01046a0,0x00000000c3b00000)
 Metaspace       used 5900K, capacity 6832K, committed 7040K, reserved 1056768K
  class space    used 594K, capacity 616K, committed 640K, reserved 1048576K
}
Event: 4.762 GC heap before
{Heap before GC invocations=2 (full 0):
 PSYoungGen      total 26112K, used 26104K [0x00000000eab00000, 0x00000000ede00000, 0x0000000100000000)
  eden space 22528K, 100% used [0x00000000eab00000,0x00000000ec100000,0x00000000ec100000)
  from space 3584K, 99% used [0x00000000ec100000,0x00000000ec47e100,0x00000000ec480000)
  to   space 3584K, 0% used [0x00000000eda80000,0x00000000eda80000,0x00000000ede00000)
 ParOldGen       total 60416K, used 1041K [0x00000000c0000000, 0x00000000c3b00000, 0x00000000eab00000)
  object space 60416K, 1% used [0x00000000c0000000,0x00000000c01046a0,0x00000000c3b00000)
 Metaspace       used 6064K, capacity 6960K, committed 7040K, reserved 1056768K
  class space    used 595K, capacity 616K, committed 640K, reserved 1048576K
Event: 4.881 GC heap after
Heap after GC invocations=2 (full 0):
 PSYoungGen      total 48640K, used 3565K [0x00000000eab00000, 0x00000000ede00000, 0x0000000100000000)
  eden space 45056K, 0% used [0x00000000eab00000,0x00000000eab00000,0x00000000ed700000)
  from space 3584K, 99% used [0x00000000eda80000,0x00000000eddfb758,0x00000000ede00000)
  to   space 3584K, 0% used [0x00000000ed700000,0x00000000ed700000,0x00000000eda80000)
 ParOldGen       total 60416K, used 3845K [0x00000000c0000000, 0x00000000c3b00000, 0x00000000eab00000)
  object space 60416K, 6% used [0x00000000c0000000,0x00000000c03c1408,0x00000000c3b00000)
 Metaspace       used 6064K, capacity 6960K, committed 7040K, reserved 1056768K
  class space    used 595K, capacity 616K, committed 640K, reserved 1048576K
}
Event: 8.078 GC heap before
{Heap before GC invocations=3 (full 0):
 PSYoungGen      total 48640K, used 48621K [0x00000000eab00000, 0x00000000ede00000, 0x0000000100000000)
  eden space 45056K, 100% used [0x00000000eab00000,0x00000000ed700000,0x00000000ed700000)
  from space 3584K, 99% used [0x00000000eda80000,0x00000000eddfb758,0x00000000ede00000)
  to   space 3584K, 0% used [0x00000000ed700000,0x00000000ed700000,0x00000000eda80000)
 ParOldGen       total 60416K, used 3845K [0x00000000c0000000, 0x00000000c3b00000, 0x00000000eab00000)
  object space 60416K, 6% used [0x00000000c0000000,0x00000000c03c1408,0x00000000c3b00000)
 Metaspace       used 6168K, capacity 7024K, committed 7296K, reserved 1056768K
  class space    used 596K, capacity 616K, committed 640K, reserved 1048576K
Event: 8.506 GC heap after
Heap after GC invocations=3 (full 0):
 PSYoungGen      total 48640K, used 3563K [0x00000000eab00000, 0x00000000f0a00000, 0x0000000100000000)
  eden space 45056K, 0% used [0x00000000eab00000,0x00000000eab00000,0x00000000ed700000)
  from space 3584K, 99% used [0x00000000ed700000,0x00000000eda7afc8,0x00000000eda80000)
  to   space 3584K, 0% used [0x00000000f0680000,0x00000000f0680000,0x00000000f0a00000)
 ParOldGen       total 60416K, used 11456K [0x00000000c0000000, 0x00000000c3b00000, 0x00000000eab00000)
  object space 60416K, 18% used [0x00000000c0000000,0x00000000c0b301a0,0x00000000c3b00000)
 Metaspace       used 6168K, capacity 7024K, committed 7296K, reserved 1056768K
  class space    used 596K, capacity 616K, committed 640K, reserved 1048576K
}

Deoptimization events (10 events):
Event: 10.908 Thread 0x0000000056ac1800 Uncommon trap: reason=bimorphic action=maybe_recompile pc=0x0000000002de2538 method=com.android.dx.cf.code.BytecodeArray.parseInstruction(ILcom/android/dx/cf/code/BytecodeArray$Visitor;)I @ 1130
Event: 10.909 Thread 0x0000000056ac1800 Uncommon trap: reason=bimorphic action=maybe_recompile pc=0x0000000002de2420 method=com.android.dx.cf.code.BytecodeArray.parseInstruction(ILcom/android/dx/cf/code/BytecodeArray$Visitor;)I @ 923
Event: 10.909 Thread 0x0000000056ac1800 Uncommon trap: reason=unstable_if action=reinterpret pc=0x0000000002f852e0 method=com.android.dx.cf.code.RopperMachine.run(Lcom/android/dx/cf/code/Frame;II)V @ 1500
Event: 10.909 Thread 0x0000000056ac1800 Uncommon trap: reason=class_check action=maybe_recompile pc=0x0000000002fabffc method=com.android.dx.cf.code.Ropper.processBlock(Lcom/android/dx/cf/code/ByteBlock;Lcom/android/dx/cf/code/Frame;[I)V @ 777
Event: 10.911 Thread 0x0000000056ac1800 Uncommon trap: reason=class_check action=maybe_recompile pc=0x0000000002fabffc method=com.android.dx.cf.code.Ropper.processBlock(Lcom/android/dx/cf/code/ByteBlock;Lcom/android/dx/cf/code/Frame;[I)V @ 777
Event: 10.912 Thread 0x0000000056ac1800 Uncommon trap: reason=class_check action=maybe_recompile pc=0x0000000002fabffc method=com.android.dx.cf.code.Ropper.processBlock(Lcom/android/dx/cf/code/ByteBlock;Lcom/android/dx/cf/code/Frame;[I)V @ 777
Event: 10.913 Thread 0x0000000056ac1800 Uncommon trap: reason=class_check action=maybe_recompile pc=0x0000000002fabffc method=com.android.dx.cf.code.Ropper.processBlock(Lcom/android/dx/cf/code/ByteBlock;Lcom/android/dx/cf/code/Frame;[I)V @ 777
Event: 14.967 Thread 0x0000000056ac1800 Uncommon trap: reason=bimorphic action=maybe_recompile pc=0x0000000003087128 method=com.android.dx.cf.code.BytecodeArray.parseInstruction(ILcom/android/dx/cf/code/BytecodeArray$Visitor;)I @ 971
Event: 14.967 Thread 0x0000000056ac1800 Uncommon trap: reason=bimorphic action=maybe_recompile pc=0x00000000030871a8 method=com.android.dx.cf.code.BytecodeArray.parseInstruction(ILcom/android/dx/cf/code/BytecodeArray$Visitor;)I @ 987
Event: 14.967 Thread 0x0000000056ac1800 Uncommon trap: reason=bimorphic action=maybe_recompile pc=0x0000000003087128 method=com.android.dx.cf.code.BytecodeArray.parseInstruction(ILcom/android/dx/cf/code/BytecodeArray$Visitor;)I @ 971

Internal exceptions (4 events):
Event: 0.050 Thread 0x00000000003fe000 Exception <a 'java/lang/NoSuchMethodError': Method sun.misc.Unsafe.defineClass(Ljava/lang/String;[BII)Ljava/lang/Class; name or signature does not match> (0x00000000eab13138) thrown at [C:\re\workspace\8-2-build-windows-amd64-cygwin\jdk8u71\5731\hotspot\sr…È6~©?
Event: 0.050 Thread 0x00000000003fe000 Exception <a 'java/lang/NoSuchMethodError': Method sun.misc.Unsafe.prefetchRead(Ljava/lang/Object;J)V name or signature does not match> (0x00000000eab13420) thrown at [C:\re\workspace\8-2-build-windows-amd64-cygwin\jdk8u71\5731\hotspot\src\share\vm\prims\jKI!≈@
Event: 2.596 Thread 0x0000000056ac2800 Implicit null exception at 0x0000000002c70837 to 0x0000000002c72625
Event: 2.597 Thread 0x0000000056ac2800 Implicit null exception at 0x0000000002cae6b7 to 0x0000000002caf465

Events (10 events):
Event: 10.913 Thread 0x0000000056ac1800 DEOPT UNPACKING pc=0x00000000028e582a sp=0x000000005763ebf8 mode 2
Event: 14.967 Thread 0x0000000056ac1800 Uncommon trap: trap_request=0xffffffc6 fr.pc=0x0000000003087128
Event: 14.967 Thread 0x0000000056ac1800 DEOPT PACKING pc=0x0000000003087128 sp=0x000000005763e870
Event: 14.967 Thread 0x0000000056ac1800 DEOPT UNPACKING pc=0x00000000028e582a sp=0x000000005763e818 mode 2
Event: 14.967 Thread 0x0000000056ac1800 Uncommon trap: trap_request=0xffffffc6 fr.pc=0x00000000030871a8
Event: 14.967 Thread 0x0000000056ac1800 DEOPT PACKING pc=0x00000000030871a8 sp=0x000000005763e870
Event: 14.967 Thread 0x0000000056ac1800 DEOPT UNPACKING pc=0x00000000028e582a sp=0x000000005763e818 mode 2
Event: 14.967 Thread 0x0000000056ac1800 Uncommon trap: trap_request=0xffffffc6 fr.pc=0x0000000003087128
Event: 14.967 Thread 0x0000000056ac1800 DEOPT PACKING pc=0x0000000003087128 sp=0x000000005763e940
Event: 14.967 Thread 0x0000000056ac1800 DEOPT UNPACKING pc=0x00000000028e582a sp=0x000000005763e8e8 mode 2


Dynamic libraries:
0x000000013f8f0000 - 0x000000013f927000 	C:\Program Files\Java\jdk1.8.0_71\bin\java.exe
0x00000000770e0000 - 0x0000000077289000 	C:\Windows\SYSTEM32\ntdll.dll
0x0000000076fc0000 - 0x00000000770df000 	C:\Windows\system32\kernel32.dll
0x000007fefd230000 - 0x000007fefd29c000 	C:\Windows\system32\KERNELBASE.dll
0x000007fefece0000 - 0x000007fefedbb000 	C:\Windows\system32\ADVAPI32.dll
0x000007fefefb0000 - 0x000007feff04f000 	C:\Windows\system32\msvcrt.dll
0x000007feff330000 - 0x000007feff34f000 	C:\Windows\SYSTEM32\sechost.dll
0x000007fefede0000 - 0x000007fefef0d000 	C:\Windows\system32\RPCRT4.dll
0x0000000076ec0000 - 0x0000000076fba000 	C:\Windows\system32\USER32.dll
0x000007fefdcd0000 - 0x000007fefdd37000 	C:\Windows\system32\GDI32.dll
0x000007fefdc70000 - 0x000007fefdc7e000 	C:\Windows\system32\LPK.dll
0x000007fefd3d0000 - 0x000007fefd499000 	C:\Windows\system32\USP10.dll
0x000007fefba80000 - 0x000007fefbc74000 	C:\Windows\WinSxS\amd64_microsoft.windows.common-controls_6595b64144ccf1df_6.0.7601.17514_none_fa396087175ac9ac\COMCTL32.dll
0x000007fefd4a0000 - 0x000007fefd511000 	C:\Windows\system32\SHLWAPI.dll
0x000007feff0b0000 - 0x000007feff0de000 	C:\Windows\system32\IMM32.DLL
0x000007fefd2b0000 - 0x000007fefd3b9000 	C:\Windows\system32\MSCTF.dll
0x0000000059530000 - 0x0000000059602000 	C:\Program Files\Java\jdk1.8.0_71\jre\bin\msvcr100.dll
0x000000005e450000 - 0x000000005ecdf000 	C:\Program Files\Java\jdk1.8.0_71\jre\bin\server\jvm.dll
0x000007feee400000 - 0x000007feee409000 	C:\Windows\system32\WSOCK32.dll
0x000007fefdc80000 - 0x000007fefdccd000 	C:\Windows\system32\WS2_32.dll
0x000007fefd3c0000 - 0x000007fefd3c8000 	C:\Windows\system32\NSI.dll
0x000007fefb160000 - 0x000007fefb19b000 	C:\Windows\system32\WINMM.dll
0x000007fefbfe0000 - 0x000007fefbfec000 	C:\Windows\system32\VERSION.dll
0x00000000772a0000 - 0x00000000772a7000 	C:\Windows\system32\PSAPI.DLL
0x00000000670e0000 - 0x00000000670ef000 	C:\Program Files\Java\jdk1.8.0_71\jre\bin\verify.dll
0x0000000066e40000 - 0x0000000066e69000 	C:\Program Files\Java\jdk1.8.0_71\jre\bin\java.dll
0x00000000670c0000 - 0x00000000670d6000 	C:\Program Files\Java\jdk1.8.0_71\jre\bin\zip.dll
0x000007fefdd40000 - 0x000007fefeac8000 	C:\Windows\system32\SHELL32.dll
0x000007fefead0000 - 0x000007fefecd3000 	C:\Windows\system32\ole32.dll
0x000007fefcef0000 - 0x000007fefceff000 	C:\Windows\system32\profapi.dll

VM Arguments:
jvm_args: -Djava.awt.headless=true -Xmx1024M -Dfile.encoding=windows-1251 -Duser.country=RU -Duser.language=ru -Duser.variant 
java_command: com.android.dx.command.Main --dex --num-threads=4 --output C:\Users\NotimPortant\AndroidStudioProjects\UnicomicsViewer\app\build\intermediates\pre-dexed\debug\jsoup-1.8.3_8ebae9bb1921801fc6aaba6153036affdcb005d6.jar C:\Users\NotimPortant\.gradle\caches\modules-2\files-2.1\org.jsoup\jsoup\1.8.3\65fd012581ded67bc20945d85c32b4598c3a9cf1\jsoup-1.8.3.jar
java_class_path (initial): C:\Users\NotimPortant\AppData\Local\Android\sdk\build-tools\23.0.2\lib\dx.jar
Launcher Type: SUN_STANDARD

Environment Variables:
PATH=C:\ProgramData\Oracle\Java\javapath;C:\Windows\system32;C:\Windows;C:\Windows\System32\Wbem;C:\Windows\System32\WindowsPowerShell\v1.0\;C:\Program Files (x86)\AMD\ATI.ACE\Core-Static;C:\Program Files (x86)\Skype\Phone\
USERNAME=NotimPortant
OS=Windows_NT
PROCESSOR_IDENTIFIER=AMD64 Family 21 Model 16 Stepping 1, AuthenticAMD



---------------  S Y S T E M  ---------------

OS: Windows 7 , 64 bit Build 7601 (6.1.7601.18409)

CPU:total 4 (4 cores per cpu, 1 threads per core) family 21 model 16 stepping 1, cmov, cx8, fxsr, mmx, sse, sse2, sse3, ssse3, sse4.1, sse4.2, popcnt, avx, aes, clmul, mmxext, 3dnowpref, lzcnt, sse4a, tsc, tscinvbit, tscinv, bmi1

Memory: 4k page, physical 5734772k(1226200k free), swap 5732908k(6856k free)

vm_info: Java HotSpot(TM) 64-Bit Server VM (25.71-b15) for windows-amd64 JRE (1.8.0_71-b15), built on Dec 22 2015 18:15:55 by "java_re" with MS VC++ 10.0 (VS2010)

time: Sat Feb 20 23:25:16 2016
elapsed time: 15 seconds (0d 0h 0m 15s)

